{"/home/huy/ise/devops/astro_blog/src/utils/date.ts": {"path":"/home/huy/ise/devops/astro_blog/src/utils/date.ts","statementMap":{"0":{"start":{"line":18,"column":17},"end":{"line":18,"column":null}},"1":{"start":{"line":20,"column":4},"end":{"line":22,"column":null}},"2":{"start":{"line":21,"column":8},"end":{"line":21,"column":null}},"3":{"start":{"line":24,"column":4},"end":{"line":24,"column":null}},"4":{"start":{"line":31,"column":4},"end":{"line":33,"column":null}},"5":{"start":{"line":32,"column":8},"end":{"line":32,"column":null}},"6":{"start":{"line":35,"column":4},"end":{"line":38,"column":null}},"7":{"start":{"line":36,"column":21},"end":{"line":36,"column":null}},"8":{"start":{"line":37,"column":8},"end":{"line":37,"column":null}},"9":{"start":{"line":40,"column":4},"end":{"line":40,"column":null}}},"fnMap":{"0":{"name":"formatDate","decl":{"start":{"line":9,"column":16},"end":{"line":9,"column":null}},"loc":{"start":{"line":17,"column":10},"end":{"line":25,"column":null}},"line":17},"1":{"name":"isValidDate","decl":{"start":{"line":30,"column":16},"end":{"line":30,"column":28}},"loc":{"start":{"line":30,"column":57},"end":{"line":41,"column":null}},"line":30}},"branchMap":{"0":{"loc":{"start":{"line":11,"column":4},"end":{"line":15,"column":null}},"type":"default-arg","locations":[{"start":{"line":11,"column":42},"end":{"line":15,"column":null}}],"line":11},"1":{"loc":{"start":{"line":16,"column":4},"end":{"line":16,"column":null}},"type":"default-arg","locations":[{"start":{"line":16,"column":21},"end":{"line":16,"column":null}}],"line":16},"2":{"loc":{"start":{"line":18,"column":17},"end":{"line":18,"column":null}},"type":"cond-expr","locations":[{"start":{"line":18,"column":45},"end":{"line":18,"column":57}},{"start":{"line":18,"column":57},"end":{"line":18,"column":null}}],"line":18},"3":{"loc":{"start":{"line":20,"column":4},"end":{"line":22,"column":null}},"type":"if","locations":[{"start":{"line":20,"column":4},"end":{"line":22,"column":null}},{"start":{},"end":{}}],"line":20},"4":{"loc":{"start":{"line":31,"column":4},"end":{"line":33,"column":null}},"type":"if","locations":[{"start":{"line":31,"column":4},"end":{"line":33,"column":null}},{"start":{},"end":{}}],"line":31},"5":{"loc":{"start":{"line":31,"column":8},"end":{"line":31,"column":55}},"type":"binary-expr","locations":[{"start":{"line":31,"column":8},"end":{"line":31,"column":30}},{"start":{"line":31,"column":30},"end":{"line":31,"column":55}}],"line":31},"6":{"loc":{"start":{"line":35,"column":4},"end":{"line":38,"column":null}},"type":"if","locations":[{"start":{"line":35,"column":4},"end":{"line":38,"column":null}},{"start":{},"end":{}}],"line":35},"7":{"loc":{"start":{"line":35,"column":8},"end":{"line":35,"column":101}},"type":"binary-expr","locations":[{"start":{"line":35,"column":8},"end":{"line":35,"column":41}},{"start":{"line":35,"column":41},"end":{"line":35,"column":74}},{"start":{"line":35,"column":74},"end":{"line":35,"column":101}}],"line":35}},"s":{"0":3,"1":3,"2":1,"3":2,"4":8,"5":2,"6":6,"7":5,"8":5,"9":1},"f":{"0":3,"1":8},"b":{"0":[3],"1":[3],"2":[1,2],"3":[1,2],"4":[2,6],"5":[8,7],"6":[5,1],"7":[6,5,3]},"meta":{"lastBranch":8,"lastFunction":2,"lastStatement":10,"seen":{"f:9:16:9:Infinity":0,"b:11:42:15:Infinity":0,"b:16:21:16:Infinity":1,"s:18:17:18:Infinity":0,"b:18:45:18:57:18:57:18:Infinity":2,"b:20:4:22:Infinity:undefined:undefined:undefined:undefined":3,"s:20:4:22:Infinity":1,"s:21:8:21:Infinity":2,"s:24:4:24:Infinity":3,"f:30:16:30:28":1,"b:31:4:33:Infinity:undefined:undefined:undefined:undefined":4,"s:31:4:33:Infinity":4,"b:31:8:31:30:31:30:31:55":5,"s:32:8:32:Infinity":5,"b:35:4:38:Infinity:undefined:undefined:undefined:undefined":6,"s:35:4:38:Infinity":6,"b:35:8:35:41:35:41:35:74:35:74:35:101":7,"s:36:21:36:Infinity":7,"s:37:8:37:Infinity":8,"s:40:4:40:Infinity":9},"fnNames":{}}}
}
